Arguments: 
  /usr/local/Cellar/node/9.3.0_1/bin/node /usr/local/Cellar/yarn/1.5.1_1/libexec/bin/yarn.js upgrade react@16.4.0

PATH: 
  /usr/local/bin:/usr/bin:/bin:/usr/sbin:/sbin

Yarn version: 
  1.5.1

Node version: 
  8.4.0

Platform: 
  darwin x64

npm manifest: 
  {
    "name": "userapp",
    "version": "1.0.0",
    "description": "react learning",
    "main": "index.js",
    "scripts": {
      "dev": "node server"
    },
    "author": "",
    "license": "ISC",
    "dependencies": {
      "babel-core": "^6.21.0",
      "babel-preset-es2015": "^6.18.0",
      "babel-preset-react": "^6.16.0",
      "body-parser": "^1.15.2",
      "consolidate": "^0.14.5",
      "ejs": "^2.5.5",
      "express": "^4.14.0",
      "react": "^15.4.1",
      "react-dom": "^15.4.1",
      "webpack": "^1.14.0",
      "webpack-dev-middleware": "^1.9.0"
    },
    "devDependencies": {
      "@babel/core": "^7.4.5",
      "@babel/preset-env": "^7.4.5",
      "babel-loader": "^6.4.1",
      "babel-plugin-transform-es2015-destructuring": "^6.23.0",
      "babel-plugin-transform-object-rest-spread": "^6.26.0",
      "react-redux": "^7.0.3",
      "redux": "^4.0.1"
    }
  }

yarn manifest: 
  No manifest

Lockfile: 
  No lockfile

Trace: 
  Error: No lockfile in this directory. Run `yarn install` to generate one.
      at new MessageError (/usr/local/Cellar/yarn/1.5.1_1/libexec/lib/cli.js:186:110)
      at /usr/local/Cellar/yarn/1.5.1_1/libexec/lib/cli.js:89389:13
      at <anonymous>
